<?xml version="1.0" encoding="UTF-8" ?>
<testsuite errors="0" failures="0" hostname="Gayatris-MacBook-Pro.local" name="org.gjt.sp.util.HtmlUtilitiesTest" skipped="0" tests="11" time="1.3" timestamp="2022-03-19T00:43:06">
  <properties>
[...]
</properties>
  <testcase classname="org.gjt.sp.util.HtmlUtilitiesTest" name="style2htmlBoldItalic2" time="1.286" />
  <testcase classname="org.gjt.sp.util.HtmlUtilitiesTest" name="parseHighlightStyleItalic" time="0.001" />
  <testcase classname="org.gjt.sp.util.HtmlUtilitiesTest" name="highlightString" time="0.0" />
  <testcase classname="org.gjt.sp.util.HtmlUtilitiesTest" name="parseHighlightStyleBoldItalic2" time="0.0" />
  <testcase classname="org.gjt.sp.util.HtmlUtilitiesTest" name="style2htmlBoldItalic" time="0.0" />
  <testcase classname="org.gjt.sp.util.HtmlUtilitiesTest" name="parseHighlightStyleBoldItalic" time="0.0" />
  <testcase classname="org.gjt.sp.util.HtmlUtilitiesTest" name="parseHighlightStyle" time="0.001" />
  <testcase classname="org.gjt.sp.util.HtmlUtilitiesTest" name="parseHighlightStyleBold" time="0.001" />
  <testcase classname="org.gjt.sp.util.HtmlUtilitiesTest" name="parseHighlightStyleFail" time="0.001" />
  <testcase classname="org.gjt.sp.util.HtmlUtilitiesTest" name="appendString2html" time="0.001" />
  <testcase classname="org.gjt.sp.util.HtmlUtilitiesTest" name="parseHighlightStyleFail2" time="0.001" />
  <system-out><![CDATA[]]></system-out>
  <system-err><![CDATA[]]></system-err>
</testsuite>
